0 info it worked if it ends with ok
1 verbose cli [ 'C:\\Program Files\\nodejs\\node.exe',
1 verbose cli   'C:\\Program Files\\nodejs\\node_modules\\npm\\bin\\npm-cli.js',
1 verbose cli   'install',
1 verbose cli   'pdf2json' ]
2 info using npm@2.15.5
3 info using node@v4.4.5
4 verbose install initial load of c:\wamp\www\nodetest\package.json
5 verbose readDependencies loading dependencies from c:\wamp\www\nodetest\package.json
6 silly cache add args [ 'pdf2json', null ]
7 verbose cache add spec pdf2json
8 silly cache add parsed spec Result {
8 silly cache add   raw: 'pdf2json',
8 silly cache add   scope: null,
8 silly cache add   name: 'pdf2json',
8 silly cache add   rawSpec: '',
8 silly cache add   spec: 'latest',
8 silly cache add   type: 'tag' }
9 silly addNamed pdf2json@latest
10 verbose addNamed "latest" is being treated as a dist-tag for pdf2json
11 info addNameTag [ 'pdf2json', 'latest' ]
12 silly mapToRegistry name pdf2json
13 silly mapToRegistry using default registry
14 silly mapToRegistry registry https://registry.npmjs.org/
15 silly mapToRegistry data Result {
15 silly mapToRegistry   raw: 'pdf2json',
15 silly mapToRegistry   scope: null,
15 silly mapToRegistry   name: 'pdf2json',
15 silly mapToRegistry   rawSpec: '',
15 silly mapToRegistry   spec: 'latest',
15 silly mapToRegistry   type: 'tag' }
16 silly mapToRegistry uri https://registry.npmjs.org/pdf2json
17 verbose addNameTag registry:https://registry.npmjs.org/pdf2json not in flight; fetching
18 verbose request uri https://registry.npmjs.org/pdf2json
19 verbose request no auth needed
20 info attempt registry request try #1 at 11:28:13 AM
21 verbose request id 6ef26fab8bd490bd
22 http request GET https://registry.npmjs.org/pdf2json
23 http 200 https://registry.npmjs.org/pdf2json
24 verbose headers { server: 'CouchDB/1.5.0 (Erlang OTP/R16B03)',
24 verbose headers   etag: '"VUJ9IG53CQLAEQWUYJT0KCCD"',
24 verbose headers   'content-type': 'application/json',
24 verbose headers   'content-encoding': 'gzip',
24 verbose headers   'cache-control': 'max-age=300',
24 verbose headers   'content-length': '9830',
24 verbose headers   'accept-ranges': 'bytes',
24 verbose headers   date: 'Thu, 26 May 2016 07:28:15 GMT',
24 verbose headers   via: '1.1 varnish',
24 verbose headers   age: '0',
24 verbose headers   connection: 'keep-alive',
24 verbose headers   'x-served-by': 'cache-sin6922-SIN',
24 verbose headers   'x-cache': 'MISS',
24 verbose headers   'x-cache-hits': '0',
24 verbose headers   'x-timer': 'S1464247693.779233,VS0,VE1251',
24 verbose headers   vary: 'Accept-Encoding' }
25 silly get cb [ 200,
25 silly get   { server: 'CouchDB/1.5.0 (Erlang OTP/R16B03)',
25 silly get     etag: '"VUJ9IG53CQLAEQWUYJT0KCCD"',
25 silly get     'content-type': 'application/json',
25 silly get     'content-encoding': 'gzip',
25 silly get     'cache-control': 'max-age=300',
25 silly get     'content-length': '9830',
25 silly get     'accept-ranges': 'bytes',
25 silly get     date: 'Thu, 26 May 2016 07:28:15 GMT',
25 silly get     via: '1.1 varnish',
25 silly get     age: '0',
25 silly get     connection: 'keep-alive',
25 silly get     'x-served-by': 'cache-sin6922-SIN',
25 silly get     'x-cache': 'MISS',
25 silly get     'x-cache-hits': '0',
25 silly get     'x-timer': 'S1464247693.779233,VS0,VE1251',
25 silly get     vary: 'Accept-Encoding' } ]
26 verbose get saving pdf2json to C:\Users\sathish\AppData\Roaming\npm-cache\registry.npmjs.org\pdf2json\.cache.json
27 verbose correctMkdir C:\Users\sathish\AppData\Roaming\npm-cache correctMkdir not in flight; initializing
28 silly addNameTag next cb for pdf2json with tag latest
29 silly addNamed pdf2json@1.1.5
30 verbose addNamed "1.1.5" is a plain semver version for pdf2json
31 silly mapToRegistry name pdf2json
32 silly mapToRegistry using default registry
33 silly mapToRegistry registry https://registry.npmjs.org/
34 silly mapToRegistry data Result {
34 silly mapToRegistry   raw: 'pdf2json',
34 silly mapToRegistry   scope: null,
34 silly mapToRegistry   name: 'pdf2json',
34 silly mapToRegistry   rawSpec: '',
34 silly mapToRegistry   spec: 'latest',
34 silly mapToRegistry   type: 'tag' }
35 silly mapToRegistry uri https://registry.npmjs.org/pdf2json
36 verbose addRemoteTarball https://registry.npmjs.org/pdf2json/-/pdf2json-1.1.5.tgz not in flight; adding
37 verbose addRemoteTarball [ 'https://registry.npmjs.org/pdf2json/-/pdf2json-1.1.5.tgz',
37 verbose addRemoteTarball   'e1e687c4205111e932f9f6937508bbe4434118fe' ]
38 info retry fetch attempt 1 at 11:28:16 AM
39 info attempt registry request try #1 at 11:28:16 AM
40 http fetch GET https://registry.npmjs.org/pdf2json/-/pdf2json-1.1.5.tgz
41 http fetch 200 https://registry.npmjs.org/pdf2json/-/pdf2json-1.1.5.tgz
42 info retry will retry, error on last attempt: Error: read ECONNRESET
43 info retry will retry, error on last attempt: Error: read ECONNRESET
44 silly fetchAndShaCheck shasum e1e687c4205111e932f9f6937508bbe4434118fe
45 verbose stack Error: shasum check failed for C:\Users\sathish\AppData\Local\Temp\npm-26212-946f3026\registry.npmjs.org\pdf2json\-\pdf2json-1.1.5.tgz
45 verbose stack Expected: e1e687c4205111e932f9f6937508bbe4434118fe
45 verbose stack Actual:   8810c72ee89d12ad9c822e4ca17bceb3a0771d70
45 verbose stack From:     https://registry.npmjs.org/pdf2json/-/pdf2json-1.1.5.tgz
45 verbose stack     at C:\Program Files\nodejs\node_modules\npm\node_modules\sha\index.js:25:8
45 verbose stack     at ReadStream.<anonymous> (C:\Program Files\nodejs\node_modules\npm\node_modules\sha\index.js:72:7)
45 verbose stack     at emitNone (events.js:72:20)
45 verbose stack     at ReadStream.emit (events.js:166:7)
45 verbose stack     at endReadableNT (_stream_readable.js:913:12)
45 verbose stack     at nextTickCallbackWith2Args (node.js:442:9)
45 verbose stack     at process._tickCallback (node.js:356:17)
46 verbose cwd c:\wamp\www\nodetest
47 error Windows_NT 10.0.10586
48 error argv "C:\\Program Files\\nodejs\\node.exe" "C:\\Program Files\\nodejs\\node_modules\\npm\\bin\\npm-cli.js" "install" "pdf2json"
49 error node v4.4.5
50 error npm  v2.15.5
51 error shasum check failed for C:\Users\sathish\AppData\Local\Temp\npm-26212-946f3026\registry.npmjs.org\pdf2json\-\pdf2json-1.1.5.tgz
51 error Expected: e1e687c4205111e932f9f6937508bbe4434118fe
51 error Actual:   8810c72ee89d12ad9c822e4ca17bceb3a0771d70
51 error From:     https://registry.npmjs.org/pdf2json/-/pdf2json-1.1.5.tgz
52 error If you need help, you may report this error at:
52 error     <https://github.com/npm/npm/issues>
53 verbose exit [ 1, true ]
